2023-10-26 12:27:39,101:WARNING:
'cuml' is a soft dependency and not included in the pycaret installation. Please run: `pip install cuml` to install.
2023-10-26 12:27:39,101:WARNING:
'cuml' is a soft dependency and not included in the pycaret installation. Please run: `pip install cuml` to install.
2023-10-26 12:27:39,101:WARNING:
'cuml' is a soft dependency and not included in the pycaret installation. Please run: `pip install cuml` to install.
2023-10-26 12:27:39,101:WARNING:
'cuml' is a soft dependency and not included in the pycaret installation. Please run: `pip install cuml` to install.
2023-10-26 12:27:43,966:INFO:PyCaret ClassificationExperiment
2023-10-26 12:27:43,966:INFO:Logging name: clf-default-name
2023-10-26 12:27:43,966:INFO:ML Usecase: MLUsecase.CLASSIFICATION
2023-10-26 12:27:43,967:INFO:version 3.1.0
2023-10-26 12:27:43,967:INFO:Initializing setup()
2023-10-26 12:27:43,967:INFO:self.USI: 872d
2023-10-26 12:27:43,967:INFO:self._variable_keys: {'y_train', 'X_test', 'y_test', 'html_param', 'idx', 'fix_imbalance', '_ml_usecase', 'seed', 'n_jobs_param', 'target_param', 'exp_name_log', 'pipeline', 'log_plots_param', 'is_multiclass', 'gpu_n_jobs_param', 'gpu_param', 'logging_param', 'memory', 'X', 'X_train', 'fold_shuffle_param', 'exp_id', 'fold_generator', '_available_plots', 'USI', 'data', 'y', 'fold_groups_param'}
2023-10-26 12:27:43,967:INFO:Checking environment
2023-10-26 12:27:43,967:INFO:python_version: 3.8.18
2023-10-26 12:27:43,967:INFO:python_build: ('default', 'Sep 11 2023 13:39:12')
2023-10-26 12:27:43,967:INFO:machine: AMD64
2023-10-26 12:27:43,967:INFO:platform: Windows-10-10.0.22621-SP0
2023-10-26 12:27:43,971:INFO:Memory: svmem(total=34205749248, available=22454272000, percent=34.4, used=11751477248, free=22454272000)
2023-10-26 12:27:43,971:INFO:Physical Core: 4
2023-10-26 12:27:43,971:INFO:Logical Core: 8
2023-10-26 12:27:43,971:INFO:Checking libraries
2023-10-26 12:27:43,971:INFO:System:
2023-10-26 12:27:43,971:INFO:    python: 3.8.18 (default, Sep 11 2023, 13:39:12) [MSC v.1916 64 bit (AMD64)]
2023-10-26 12:27:43,971:INFO:executable: c:\Users\A02291312\AppData\Local\anaconda3\envs\pycaret\python.exe
2023-10-26 12:27:43,971:INFO:   machine: Windows-10-10.0.22621-SP0
2023-10-26 12:27:43,971:INFO:PyCaret required dependencies:
2023-10-26 12:27:44,947:INFO:                 pip: 23.2.1
2023-10-26 12:27:44,947:INFO:          setuptools: 68.0.0
2023-10-26 12:27:44,947:INFO:             pycaret: 3.1.0
2023-10-26 12:27:44,947:INFO:             IPython: 8.12.3
2023-10-26 12:27:44,947:INFO:          ipywidgets: 8.1.1
2023-10-26 12:27:44,947:INFO:                tqdm: 4.66.1
2023-10-26 12:27:44,947:INFO:               numpy: 1.23.5
2023-10-26 12:27:44,947:INFO:              pandas: 1.5.3
2023-10-26 12:27:44,947:INFO:              jinja2: 3.1.2
2023-10-26 12:27:44,947:INFO:               scipy: 1.10.1
2023-10-26 12:27:44,947:INFO:              joblib: 1.3.2
2023-10-26 12:27:44,948:INFO:             sklearn: 1.2.2
2023-10-26 12:27:44,948:INFO:                pyod: 1.1.0
2023-10-26 12:27:44,948:INFO:            imblearn: 0.11.0
2023-10-26 12:27:44,948:INFO:   category_encoders: 2.6.2
2023-10-26 12:27:44,948:INFO:            lightgbm: 4.1.0
2023-10-26 12:27:44,948:INFO:               numba: 0.58.0
2023-10-26 12:27:44,948:INFO:            requests: 2.31.0
2023-10-26 12:27:44,948:INFO:          matplotlib: 3.7.3
2023-10-26 12:27:44,948:INFO:          scikitplot: 0.3.7
2023-10-26 12:27:44,948:INFO:         yellowbrick: 1.5
2023-10-26 12:27:44,948:INFO:              plotly: 5.17.0
2023-10-26 12:27:44,948:INFO:    plotly-resampler: Not installed
2023-10-26 12:27:44,948:INFO:             kaleido: 0.2.1
2023-10-26 12:27:44,948:INFO:           schemdraw: 0.15
2023-10-26 12:27:44,948:INFO:         statsmodels: 0.14.0
2023-10-26 12:27:44,948:INFO:              sktime: 0.21.1
2023-10-26 12:27:44,948:INFO:               tbats: 1.1.3
2023-10-26 12:27:44,948:INFO:            pmdarima: 2.0.3
2023-10-26 12:27:44,948:INFO:              psutil: 5.9.5
2023-10-26 12:27:44,948:INFO:          markupsafe: 2.1.3
2023-10-26 12:27:44,949:INFO:             pickle5: Not installed
2023-10-26 12:27:44,949:INFO:         cloudpickle: 2.2.1
2023-10-26 12:27:44,949:INFO:         deprecation: 2.1.0
2023-10-26 12:27:44,949:INFO:              xxhash: 3.4.1
2023-10-26 12:27:44,949:INFO:           wurlitzer: Not installed
2023-10-26 12:27:44,949:INFO:PyCaret optional dependencies:
2023-10-26 12:27:47,007:INFO:                shap: 0.43.0
2023-10-26 12:27:47,007:INFO:           interpret: 0.4.4
2023-10-26 12:27:47,007:INFO:                umap: 0.5.4
2023-10-26 12:27:47,007:INFO:     ydata_profiling: 4.6.0
2023-10-26 12:27:47,007:INFO:  explainerdashboard: 0.4.3
2023-10-26 12:27:47,007:INFO:             autoviz: Not installed
2023-10-26 12:27:47,007:INFO:           fairlearn: 0.7.0
2023-10-26 12:27:47,007:INFO:          deepchecks: Not installed
2023-10-26 12:27:47,007:INFO:             xgboost: 2.0.0
2023-10-26 12:27:47,007:INFO:            catboost: 1.2.2
2023-10-26 12:27:47,007:INFO:              kmodes: 0.12.2
2023-10-26 12:27:47,007:INFO:             mlxtend: 0.23.0
2023-10-26 12:27:47,007:INFO:       statsforecast: 1.5.0
2023-10-26 12:27:47,007:INFO:        tune_sklearn: 0.4.6
2023-10-26 12:27:47,007:INFO:                 ray: 2.7.1
2023-10-26 12:27:47,007:INFO:            hyperopt: 0.2.7
2023-10-26 12:27:47,007:INFO:              optuna: 3.3.0
2023-10-26 12:27:47,007:INFO:               skopt: 0.9.0
2023-10-26 12:27:47,007:INFO:              mlflow: 1.30.1
2023-10-26 12:27:47,007:INFO:              gradio: 3.47.1
2023-10-26 12:27:47,007:INFO:             fastapi: 0.103.2
2023-10-26 12:27:47,007:INFO:             uvicorn: 0.23.2
2023-10-26 12:27:47,007:INFO:              m2cgen: 0.10.0
2023-10-26 12:27:47,007:INFO:           evidently: 0.2.8
2023-10-26 12:27:47,007:INFO:               fugue: 0.8.6
2023-10-26 12:27:47,007:INFO:           streamlit: Not installed
2023-10-26 12:27:47,007:INFO:             prophet: Not installed
2023-10-26 12:27:47,007:INFO:None
2023-10-26 12:27:47,007:INFO:Set up data.
2023-10-26 12:27:47,022:INFO:Set up folding strategy.
2023-10-26 12:27:47,022:INFO:Set up train/test split.
2023-10-26 12:27:47,022:INFO:Set up index.
2023-10-26 12:27:47,022:INFO:Assigning column types.
2023-10-26 12:27:47,022:INFO:Engine successfully changes for model 'lr' to 'sklearn'.
2023-10-26 12:27:47,077:INFO:Engine for model 'knn' has not been set explicitly, hence returning None.
2023-10-26 12:27:47,077:INFO:Engine for model 'rbfsvm' has not been set explicitly, hence returning None.
2023-10-26 12:27:47,117:INFO:Soft dependency imported: xgboost: 2.0.0
2023-10-26 12:27:47,117:INFO:Soft dependency imported: catboost: 1.2.2
2023-10-26 12:27:47,342:INFO:Engine for model 'knn' has not been set explicitly, hence returning None.
2023-10-26 12:27:47,342:INFO:Engine for model 'rbfsvm' has not been set explicitly, hence returning None.
2023-10-26 12:27:47,377:INFO:Soft dependency imported: xgboost: 2.0.0
2023-10-26 12:27:47,377:INFO:Soft dependency imported: catboost: 1.2.2
2023-10-26 12:27:47,377:INFO:Engine successfully changes for model 'knn' to 'sklearn'.
2023-10-26 12:27:47,420:INFO:Engine for model 'rbfsvm' has not been set explicitly, hence returning None.
2023-10-26 12:27:47,458:INFO:Soft dependency imported: xgboost: 2.0.0
2023-10-26 12:27:47,458:INFO:Soft dependency imported: catboost: 1.2.2
2023-10-26 12:27:47,500:INFO:Engine for model 'rbfsvm' has not been set explicitly, hence returning None.
2023-10-26 12:27:47,532:INFO:Soft dependency imported: xgboost: 2.0.0
2023-10-26 12:27:47,532:INFO:Soft dependency imported: catboost: 1.2.2
2023-10-26 12:27:47,532:INFO:Engine successfully changes for model 'rbfsvm' to 'sklearn'.
2023-10-26 12:27:47,617:INFO:Soft dependency imported: xgboost: 2.0.0
2023-10-26 12:27:47,617:INFO:Soft dependency imported: catboost: 1.2.2
2023-10-26 12:27:47,714:INFO:Soft dependency imported: xgboost: 2.0.0
2023-10-26 12:27:47,714:INFO:Soft dependency imported: catboost: 1.2.2
2023-10-26 12:27:47,729:INFO:Preparing preprocessing pipeline...
2023-10-26 12:27:47,729:INFO:Set up simple imputation.
2023-10-26 12:27:47,729:INFO:Set up encoding of ordinal features.
2023-10-26 12:27:47,729:INFO:Set up encoding of categorical features.
2023-10-26 12:27:47,778:INFO:Finished creating preprocessing pipeline.
2023-10-26 12:27:47,792:INFO:Pipeline: Pipeline(memory=FastMemory(location=C:\Users\A02291~1\AppData\Local\Temp\joblib),
         steps=[('numerical_imputer',
                 TransformerWrapper(exclude=None,
                                    include=['Age', 'EstimatedSalary'],
                                    transformer=SimpleImputer(add_indicator=False,
                                                              copy=True,
                                                              fill_value=None,
                                                              keep_empty_features=False,
                                                              missing_values=nan,
                                                              strategy='mean',
                                                              verbose='deprecated'))),
                ('categorical_impu...
                                                              strategy='most_frequent',
                                                              verbose='deprecated'))),
                ('ordinal_encoding',
                 TransformerWrapper(exclude=None, include=['Gender'],
                                    transformer=OrdinalEncoder(cols=['Gender'],
                                                               drop_invariant=False,
                                                               handle_missing='return_nan',
                                                               handle_unknown='value',
                                                               mapping=[{'col': 'Gender',
                                                                         'data_type': dtype('O'),
                                                                         'mapping': Female    0
Male      1
NaN      -1
dtype: int64}],
                                                               return_df=True,
                                                               verbose=0)))],
         verbose=False)
2023-10-26 12:27:47,792:INFO:Creating final display dataframe.
2023-10-26 12:27:47,935:INFO:Setup _display_container:                     Description             Value
0                    Session id               555
1                        Target         Purchased
2                   Target type            Binary
3           Original data shape          (400, 5)
4        Transformed data shape          (400, 4)
5   Transformed train set shape          (280, 4)
6    Transformed test set shape          (120, 4)
7               Ignore features                 1
8              Ordinal features                 1
9              Numeric features                 2
10         Categorical features                 1
11                   Preprocess              True
12              Imputation type            simple
13           Numeric imputation              mean
14       Categorical imputation              mode
15     Maximum one-hot encoding                25
16              Encoding method              None
17               Fold Generator   StratifiedKFold
18                  Fold Number                10
19                     CPU Jobs                -1
20                      Use GPU             False
21               Log Experiment             False
22              Experiment Name  clf-default-name
23                          USI              872d
2023-10-26 12:27:48,034:INFO:Soft dependency imported: xgboost: 2.0.0
2023-10-26 12:27:48,034:INFO:Soft dependency imported: catboost: 1.2.2
2023-10-26 12:27:48,113:INFO:Soft dependency imported: xgboost: 2.0.0
2023-10-26 12:27:48,113:INFO:Soft dependency imported: catboost: 1.2.2
2023-10-26 12:27:48,113:INFO:setup() successfully completed in 4.15s...............
2023-10-26 12:27:48,128:INFO:gpu_param set to False
2023-10-26 12:27:48,226:INFO:Soft dependency imported: xgboost: 2.0.0
2023-10-26 12:27:48,229:INFO:Soft dependency imported: catboost: 1.2.2
2023-10-26 12:27:48,308:INFO:Soft dependency imported: xgboost: 2.0.0
2023-10-26 12:27:48,308:INFO:Soft dependency imported: catboost: 1.2.2
2023-10-26 12:27:48,323:INFO:Initializing create_model()
2023-10-26 12:27:48,323:INFO:create_model(self=<pycaret.classification.oop.ClassificationExperiment object at 0x000002DC30BB9DC0>, estimator=dt, fold=None, round=4, cross_validation=True, predict=True, fit_kwargs=None, groups=None, refit=True, probability_threshold=None, experiment_custom_tags=None, verbose=True, system=True, add_to_model_list=True, metrics=None, display=None, model_only=True, return_train_score=False, kwargs={})
2023-10-26 12:27:48,323:INFO:Checking exceptions
2023-10-26 12:27:48,352:INFO:Importing libraries
2023-10-26 12:27:48,352:INFO:Copying training dataset
2023-10-26 12:27:48,361:INFO:Defining folds
2023-10-26 12:27:48,361:INFO:Declaring metric variables
2023-10-26 12:27:48,366:INFO:Importing untrained model
2023-10-26 12:27:48,373:INFO:Decision Tree Classifier Imported successfully
2023-10-26 12:27:48,381:INFO:Starting cross validation
2023-10-26 12:27:48,383:INFO:Cross validating with StratifiedKFold(n_splits=10, random_state=None, shuffle=False), n_jobs=-1
2023-10-26 12:27:55,975:INFO:Calculating mean and std
2023-10-26 12:27:55,975:INFO:Creating metrics dataframe
2023-10-26 12:27:55,985:INFO:Finalizing model
2023-10-26 12:27:56,042:INFO:Uploading results into container
2023-10-26 12:27:56,043:INFO:Uploading model into container now
2023-10-26 12:27:56,054:INFO:_master_model_container: 1
2023-10-26 12:27:56,054:INFO:_display_container: 2
2023-10-26 12:27:56,054:INFO:DecisionTreeClassifier(ccp_alpha=0.0, class_weight=None, criterion='gini',
                       max_depth=None, max_features=None, max_leaf_nodes=None,
                       min_impurity_decrease=0.0, min_samples_leaf=1,
                       min_samples_split=2, min_weight_fraction_leaf=0.0,
                       random_state=555, splitter='best')
2023-10-26 12:27:56,054:INFO:create_model() successfully completed......................................
2023-10-26 12:27:56,288:INFO:Initializing tune_model()
2023-10-26 12:27:56,288:INFO:tune_model(estimator=DecisionTreeClassifier(ccp_alpha=0.0, class_weight=None, criterion='gini',
                       max_depth=None, max_features=None, max_leaf_nodes=None,
                       min_impurity_decrease=0.0, min_samples_leaf=1,
                       min_samples_split=2, min_weight_fraction_leaf=0.0,
                       random_state=555, splitter='best'), fold=None, round=4, n_iter=10, custom_grid=None, optimize=Accuracy, custom_scorer=None, search_library=scikit-learn, search_algorithm=None, early_stopping=False, early_stopping_max_iters=10, choose_better=True, fit_kwargs=None, groups=None, return_tuner=False, verbose=True, tuner_verbose=True, return_train_score=False, kwargs={}, self=<pycaret.classification.oop.ClassificationExperiment object at 0x000002DC30BB9DC0>)
2023-10-26 12:27:56,288:INFO:Checking exceptions
2023-10-26 12:27:56,323:INFO:Copying training dataset
2023-10-26 12:27:56,327:INFO:Checking base model
2023-10-26 12:27:56,327:INFO:Base model : Decision Tree Classifier
2023-10-26 12:27:56,332:INFO:Declaring metric variables
2023-10-26 12:27:56,337:INFO:Defining Hyperparameters
2023-10-26 12:27:56,492:INFO:Tuning with n_jobs=-1
2023-10-26 12:27:56,492:INFO:Initializing RandomizedSearchCV
2023-10-26 12:27:57,819:INFO:best_params: {'actual_estimator__min_samples_split': 5, 'actual_estimator__min_samples_leaf': 6, 'actual_estimator__min_impurity_decrease': 0.0002, 'actual_estimator__max_features': 1.0, 'actual_estimator__max_depth': 10, 'actual_estimator__criterion': 'entropy'}
2023-10-26 12:27:57,821:INFO:Hyperparameter search completed
2023-10-26 12:27:57,821:INFO:SubProcess create_model() called ==================================
2023-10-26 12:27:57,822:INFO:Initializing create_model()
2023-10-26 12:27:57,822:INFO:create_model(self=<pycaret.classification.oop.ClassificationExperiment object at 0x000002DC30BB9DC0>, estimator=DecisionTreeClassifier(ccp_alpha=0.0, class_weight=None, criterion='gini',
                       max_depth=None, max_features=None, max_leaf_nodes=None,
                       min_impurity_decrease=0.0, min_samples_leaf=1,
                       min_samples_split=2, min_weight_fraction_leaf=0.0,
                       random_state=555, splitter='best'), fold=StratifiedKFold(n_splits=10, random_state=None, shuffle=False), round=4, cross_validation=True, predict=True, fit_kwargs={}, groups=None, refit=True, probability_threshold=None, experiment_custom_tags=None, verbose=True, system=False, add_to_model_list=True, metrics=None, display=<pycaret.internal.display.display.CommonDisplay object at 0x000002DC2B74CBE0>, model_only=True, return_train_score=False, kwargs={'min_samples_split': 5, 'min_samples_leaf': 6, 'min_impurity_decrease': 0.0002, 'max_features': 1.0, 'max_depth': 10, 'criterion': 'entropy'})
2023-10-26 12:27:57,822:INFO:Checking exceptions
2023-10-26 12:27:57,822:INFO:Importing libraries
2023-10-26 12:27:57,822:INFO:Copying training dataset
2023-10-26 12:27:57,826:INFO:Defining folds
2023-10-26 12:27:57,827:INFO:Declaring metric variables
2023-10-26 12:27:57,830:INFO:Importing untrained model
2023-10-26 12:27:57,830:INFO:Declaring custom model
2023-10-26 12:27:57,836:INFO:Decision Tree Classifier Imported successfully
2023-10-26 12:27:57,847:INFO:Starting cross validation
2023-10-26 12:27:57,848:INFO:Cross validating with StratifiedKFold(n_splits=10, random_state=None, shuffle=False), n_jobs=-1
2023-10-26 12:27:58,117:INFO:Calculating mean and std
2023-10-26 12:27:58,117:INFO:Creating metrics dataframe
2023-10-26 12:27:58,117:INFO:Finalizing model
2023-10-26 12:27:58,161:INFO:Uploading results into container
2023-10-26 12:27:58,162:INFO:Uploading model into container now
2023-10-26 12:27:58,162:INFO:_master_model_container: 2
2023-10-26 12:27:58,162:INFO:_display_container: 3
2023-10-26 12:27:58,162:INFO:DecisionTreeClassifier(ccp_alpha=0.0, class_weight=None, criterion='entropy',
                       max_depth=10, max_features=1.0, max_leaf_nodes=None,
                       min_impurity_decrease=0.0002, min_samples_leaf=6,
                       min_samples_split=5, min_weight_fraction_leaf=0.0,
                       random_state=555, splitter='best')
2023-10-26 12:27:58,162:INFO:create_model() successfully completed......................................
2023-10-26 12:27:58,302:INFO:SubProcess create_model() end ==================================
2023-10-26 12:27:58,302:INFO:choose_better activated
2023-10-26 12:27:58,308:INFO:SubProcess create_model() called ==================================
2023-10-26 12:27:58,309:INFO:Initializing create_model()
2023-10-26 12:27:58,309:INFO:create_model(self=<pycaret.classification.oop.ClassificationExperiment object at 0x000002DC30BB9DC0>, estimator=DecisionTreeClassifier(ccp_alpha=0.0, class_weight=None, criterion='gini',
                       max_depth=None, max_features=None, max_leaf_nodes=None,
                       min_impurity_decrease=0.0, min_samples_leaf=1,
                       min_samples_split=2, min_weight_fraction_leaf=0.0,
                       random_state=555, splitter='best'), fold=StratifiedKFold(n_splits=10, random_state=None, shuffle=False), round=4, cross_validation=True, predict=True, fit_kwargs={}, groups=None, refit=True, probability_threshold=None, experiment_custom_tags=None, verbose=False, system=False, add_to_model_list=True, metrics=None, display=None, model_only=True, return_train_score=False, kwargs={})
2023-10-26 12:27:58,309:INFO:Checking exceptions
2023-10-26 12:27:58,311:INFO:Importing libraries
2023-10-26 12:27:58,311:INFO:Copying training dataset
2023-10-26 12:27:58,316:INFO:Defining folds
2023-10-26 12:27:58,316:INFO:Declaring metric variables
2023-10-26 12:27:58,316:INFO:Importing untrained model
2023-10-26 12:27:58,316:INFO:Declaring custom model
2023-10-26 12:27:58,317:INFO:Decision Tree Classifier Imported successfully
2023-10-26 12:27:58,318:INFO:Starting cross validation
2023-10-26 12:27:58,320:INFO:Cross validating with StratifiedKFold(n_splits=10, random_state=None, shuffle=False), n_jobs=-1
2023-10-26 12:27:58,532:INFO:Calculating mean and std
2023-10-26 12:27:58,534:INFO:Creating metrics dataframe
2023-10-26 12:27:58,541:INFO:Finalizing model
2023-10-26 12:27:58,587:INFO:Uploading results into container
2023-10-26 12:27:58,587:INFO:Uploading model into container now
2023-10-26 12:27:58,587:INFO:_master_model_container: 3
2023-10-26 12:27:58,588:INFO:_display_container: 4
2023-10-26 12:27:58,588:INFO:DecisionTreeClassifier(ccp_alpha=0.0, class_weight=None, criterion='gini',
                       max_depth=None, max_features=None, max_leaf_nodes=None,
                       min_impurity_decrease=0.0, min_samples_leaf=1,
                       min_samples_split=2, min_weight_fraction_leaf=0.0,
                       random_state=555, splitter='best')
2023-10-26 12:27:58,588:INFO:create_model() successfully completed......................................
2023-10-26 12:27:58,718:INFO:SubProcess create_model() end ==================================
2023-10-26 12:27:58,719:INFO:DecisionTreeClassifier(ccp_alpha=0.0, class_weight=None, criterion='gini',
                       max_depth=None, max_features=None, max_leaf_nodes=None,
                       min_impurity_decrease=0.0, min_samples_leaf=1,
                       min_samples_split=2, min_weight_fraction_leaf=0.0,
                       random_state=555, splitter='best') result for Accuracy is 0.8679
2023-10-26 12:27:58,719:INFO:DecisionTreeClassifier(ccp_alpha=0.0, class_weight=None, criterion='entropy',
                       max_depth=10, max_features=1.0, max_leaf_nodes=None,
                       min_impurity_decrease=0.0002, min_samples_leaf=6,
                       min_samples_split=5, min_weight_fraction_leaf=0.0,
                       random_state=555, splitter='best') result for Accuracy is 0.8857
2023-10-26 12:27:58,720:INFO:DecisionTreeClassifier(ccp_alpha=0.0, class_weight=None, criterion='entropy',
                       max_depth=10, max_features=1.0, max_leaf_nodes=None,
                       min_impurity_decrease=0.0002, min_samples_leaf=6,
                       min_samples_split=5, min_weight_fraction_leaf=0.0,
                       random_state=555, splitter='best') is best model
2023-10-26 12:27:58,720:INFO:choose_better completed
2023-10-26 12:27:58,732:INFO:_master_model_container: 3
2023-10-26 12:27:58,732:INFO:_display_container: 3
2023-10-26 12:27:58,733:INFO:DecisionTreeClassifier(ccp_alpha=0.0, class_weight=None, criterion='entropy',
                       max_depth=10, max_features=1.0, max_leaf_nodes=None,
                       min_impurity_decrease=0.0002, min_samples_leaf=6,
                       min_samples_split=5, min_weight_fraction_leaf=0.0,
                       random_state=555, splitter='best')
2023-10-26 12:27:58,733:INFO:tune_model() successfully completed......................................
2023-10-26 12:28:03,323:INFO:Initializing plot_model()
2023-10-26 12:28:03,323:INFO:plot_model(plot=parameter, fold=None, verbose=True, display=None, display_format=None, estimator=DecisionTreeClassifier(ccp_alpha=0.0, class_weight=None, criterion='entropy',
                       max_depth=10, max_features=1.0, max_leaf_nodes=None,
                       min_impurity_decrease=0.0002, min_samples_leaf=6,
                       min_samples_split=5, min_weight_fraction_leaf=0.0,
                       random_state=555, splitter='best'), feature_name=None, fit_kwargs=None, groups=None, label=False, plot_kwargs=None, save=False, scale=1, self=<pycaret.classification.oop.ClassificationExperiment object at 0x000002DC30BB9DC0>, system=True)
2023-10-26 12:28:03,323:INFO:Checking exceptions
2023-10-26 12:28:03,323:INFO:Preloading libraries
2023-10-26 12:28:03,323:INFO:Copying training dataset
2023-10-26 12:28:03,323:INFO:Plot type: parameter
2023-10-26 12:28:03,336:INFO:Visual Rendered Successfully
2023-10-26 12:28:03,473:INFO:plot_model() successfully completed......................................
2023-10-26 12:28:08,856:INFO:Initializing plot_model()
2023-10-26 12:28:08,857:INFO:plot_model(plot=auc, fold=None, verbose=True, display=None, display_format=None, estimator=DecisionTreeClassifier(ccp_alpha=0.0, class_weight=None, criterion='entropy',
                       max_depth=10, max_features=1.0, max_leaf_nodes=None,
                       min_impurity_decrease=0.0002, min_samples_leaf=6,
                       min_samples_split=5, min_weight_fraction_leaf=0.0,
                       random_state=555, splitter='best'), feature_name=None, fit_kwargs=None, groups=None, label=False, plot_kwargs=None, save=False, scale=1, self=<pycaret.classification.oop.ClassificationExperiment object at 0x000002DC30BB9DC0>, system=True)
2023-10-26 12:28:08,857:INFO:Checking exceptions
2023-10-26 12:28:08,862:INFO:Preloading libraries
2023-10-26 12:28:08,863:INFO:Copying training dataset
2023-10-26 12:28:08,863:INFO:Plot type: auc
2023-10-26 12:28:09,022:INFO:Fitting Model
2023-10-26 12:28:09,022:INFO:Scoring test/hold-out set
2023-10-26 12:28:09,358:INFO:Visual Rendered Successfully
2023-10-26 12:28:09,509:INFO:plot_model() successfully completed......................................
2023-10-26 12:28:11,957:INFO:Initializing plot_model()
2023-10-26 12:28:11,957:INFO:plot_model(plot=confusion_matrix, fold=None, verbose=True, display=None, display_format=None, estimator=DecisionTreeClassifier(ccp_alpha=0.0, class_weight=None, criterion='entropy',
                       max_depth=10, max_features=1.0, max_leaf_nodes=None,
                       min_impurity_decrease=0.0002, min_samples_leaf=6,
                       min_samples_split=5, min_weight_fraction_leaf=0.0,
                       random_state=555, splitter='best'), feature_name=None, fit_kwargs=None, groups=None, label=False, plot_kwargs=None, save=False, scale=1, self=<pycaret.classification.oop.ClassificationExperiment object at 0x000002DC30BB9DC0>, system=True)
2023-10-26 12:28:11,957:INFO:Checking exceptions
2023-10-26 12:28:11,969:INFO:Preloading libraries
2023-10-26 12:28:11,969:INFO:Copying training dataset
2023-10-26 12:28:11,969:INFO:Plot type: confusion_matrix
2023-10-26 12:28:12,157:INFO:Fitting Model
2023-10-26 12:28:12,157:INFO:Scoring test/hold-out set
2023-10-26 12:28:12,319:INFO:Visual Rendered Successfully
2023-10-26 12:28:12,456:INFO:plot_model() successfully completed......................................
2023-10-26 12:28:13,153:INFO:Initializing plot_model()
2023-10-26 12:28:13,153:INFO:plot_model(plot=class_report, fold=None, verbose=True, display=None, display_format=None, estimator=DecisionTreeClassifier(ccp_alpha=0.0, class_weight=None, criterion='entropy',
                       max_depth=10, max_features=1.0, max_leaf_nodes=None,
                       min_impurity_decrease=0.0002, min_samples_leaf=6,
                       min_samples_split=5, min_weight_fraction_leaf=0.0,
                       random_state=555, splitter='best'), feature_name=None, fit_kwargs=None, groups=None, label=False, plot_kwargs=None, save=False, scale=1, self=<pycaret.classification.oop.ClassificationExperiment object at 0x000002DC30BB9DC0>, system=True)
2023-10-26 12:28:13,154:INFO:Checking exceptions
2023-10-26 12:28:13,157:INFO:Preloading libraries
2023-10-26 12:28:13,157:INFO:Copying training dataset
2023-10-26 12:28:13,157:INFO:Plot type: class_report
2023-10-26 12:28:13,400:INFO:Fitting Model
2023-10-26 12:28:13,400:INFO:Scoring test/hold-out set
2023-10-26 12:28:13,681:INFO:Visual Rendered Successfully
2023-10-26 12:28:13,814:INFO:plot_model() successfully completed......................................
2023-10-26 12:28:14,017:INFO:Initializing plot_model()
2023-10-26 12:28:14,017:INFO:plot_model(plot=boundary, fold=None, verbose=True, display=None, display_format=None, estimator=DecisionTreeClassifier(ccp_alpha=0.0, class_weight=None, criterion='entropy',
                       max_depth=10, max_features=1.0, max_leaf_nodes=None,
                       min_impurity_decrease=0.0002, min_samples_leaf=6,
                       min_samples_split=5, min_weight_fraction_leaf=0.0,
                       random_state=555, splitter='best'), feature_name=None, fit_kwargs=None, groups=None, label=False, plot_kwargs=None, save=False, scale=1, self=<pycaret.classification.oop.ClassificationExperiment object at 0x000002DC30BB9DC0>, system=True)
2023-10-26 12:28:14,018:INFO:Checking exceptions
2023-10-26 12:28:14,022:INFO:Preloading libraries
2023-10-26 12:28:14,022:INFO:Copying training dataset
2023-10-26 12:28:14,022:INFO:Plot type: boundary
2023-10-26 12:28:14,145:INFO:Fitting StandardScaler()
2023-10-26 12:28:14,150:INFO:Fitting PCA()
2023-10-26 12:28:14,239:INFO:Fitting Model
2023-10-26 12:28:15,589:INFO:Visual Rendered Successfully
2023-10-26 12:28:15,802:INFO:plot_model() successfully completed......................................
2023-10-26 12:28:15,869:INFO:Initializing plot_model()
2023-10-26 12:28:15,869:INFO:plot_model(plot=learning, fold=None, verbose=True, display=None, display_format=None, estimator=DecisionTreeClassifier(ccp_alpha=0.0, class_weight=None, criterion='entropy',
                       max_depth=10, max_features=1.0, max_leaf_nodes=None,
                       min_impurity_decrease=0.0002, min_samples_leaf=6,
                       min_samples_split=5, min_weight_fraction_leaf=0.0,
                       random_state=555, splitter='best'), feature_name=None, fit_kwargs=None, groups=None, label=False, plot_kwargs=None, save=False, scale=1, self=<pycaret.classification.oop.ClassificationExperiment object at 0x000002DC30BB9DC0>, system=True)
2023-10-26 12:28:15,869:INFO:Checking exceptions
2023-10-26 12:28:15,869:INFO:Preloading libraries
2023-10-26 12:28:15,869:INFO:Copying training dataset
2023-10-26 12:28:15,869:INFO:Plot type: learning
2023-10-26 12:28:16,053:INFO:Fitting Model
2023-10-26 12:28:16,611:INFO:Visual Rendered Successfully
2023-10-26 12:28:16,751:INFO:plot_model() successfully completed......................................
2023-10-26 12:29:29,507:INFO:Initializing plot_model()
2023-10-26 12:29:29,507:INFO:plot_model(plot=pr, fold=None, verbose=True, display=None, display_format=None, estimator=DecisionTreeClassifier(ccp_alpha=0.0, class_weight=None, criterion='entropy',
                       max_depth=10, max_features=1.0, max_leaf_nodes=None,
                       min_impurity_decrease=0.0002, min_samples_leaf=6,
                       min_samples_split=5, min_weight_fraction_leaf=0.0,
                       random_state=555, splitter='best'), feature_name=None, fit_kwargs=None, groups=None, label=False, plot_kwargs=None, save=False, scale=1, self=<pycaret.classification.oop.ClassificationExperiment object at 0x000002DC30BB9DC0>, system=True)
2023-10-26 12:29:29,507:INFO:Checking exceptions
2023-10-26 12:29:29,507:INFO:Preloading libraries
2023-10-26 12:29:29,507:INFO:Copying training dataset
2023-10-26 12:29:29,507:INFO:Plot type: pr
2023-10-26 12:29:29,704:INFO:Fitting Model
2023-10-26 12:29:29,705:INFO:Scoring test/hold-out set
2023-10-26 12:29:29,950:INFO:Visual Rendered Successfully
2023-10-26 12:29:30,067:INFO:plot_model() successfully completed......................................
2023-10-26 12:30:01,598:INFO:Initializing plot_model()
2023-10-26 12:30:01,598:INFO:plot_model(plot=threshold, fold=None, verbose=True, display=None, display_format=None, estimator=DecisionTreeClassifier(ccp_alpha=0.0, class_weight=None, criterion='entropy',
                       max_depth=10, max_features=1.0, max_leaf_nodes=None,
                       min_impurity_decrease=0.0002, min_samples_leaf=6,
                       min_samples_split=5, min_weight_fraction_leaf=0.0,
                       random_state=555, splitter='best'), feature_name=None, fit_kwargs=None, groups=None, label=False, plot_kwargs=None, save=False, scale=1, self=<pycaret.classification.oop.ClassificationExperiment object at 0x000002DC30BB9DC0>, system=True)
2023-10-26 12:30:01,598:INFO:Checking exceptions
2023-10-26 12:30:01,598:INFO:Preloading libraries
2023-10-26 12:30:01,598:INFO:Copying training dataset
2023-10-26 12:30:01,598:INFO:Plot type: threshold
2023-10-26 12:30:01,842:INFO:Fitting Model
2023-10-26 12:30:02,126:INFO:Scoring test/hold-out set
2023-10-26 12:30:02,642:INFO:Visual Rendered Successfully
2023-10-26 12:30:02,802:INFO:plot_model() successfully completed......................................
2023-10-26 12:38:12,031:WARNING:
'cuml' is a soft dependency and not included in the pycaret installation. Please run: `pip install cuml` to install.
2023-10-26 12:38:12,031:WARNING:
'cuml' is a soft dependency and not included in the pycaret installation. Please run: `pip install cuml` to install.
2023-10-26 12:38:12,031:WARNING:
'cuml' is a soft dependency and not included in the pycaret installation. Please run: `pip install cuml` to install.
2023-10-26 12:38:12,031:WARNING:
'cuml' is a soft dependency and not included in the pycaret installation. Please run: `pip install cuml` to install.
2023-10-26 12:38:12,653:INFO:PyCaret RegressionExperiment
2023-10-26 12:38:12,653:INFO:Logging name: reg-default-name
2023-10-26 12:38:12,653:INFO:ML Usecase: MLUsecase.REGRESSION
2023-10-26 12:38:12,653:INFO:version 3.1.0
2023-10-26 12:38:12,653:INFO:Initializing setup()
2023-10-26 12:38:12,653:INFO:self.USI: 30e3
2023-10-26 12:38:12,654:INFO:self._variable_keys: {'seed', 'target_param', 'n_jobs_param', 'gpu_param', 'memory', 'X', 'X_test', 'exp_name_log', '_available_plots', 'y', 'logging_param', '_ml_usecase', 'idx', 'exp_id', 'html_param', 'y_train', 'fold_generator', 'X_train', 'fold_groups_param', 'data', 'y_test', 'pipeline', 'fold_shuffle_param', 'transform_target_param', 'USI', 'log_plots_param', 'gpu_n_jobs_param'}
2023-10-26 12:38:12,654:INFO:Checking environment
2023-10-26 12:38:12,654:INFO:python_version: 3.8.18
2023-10-26 12:38:12,654:INFO:python_build: ('default', 'Sep 11 2023 13:39:12')
2023-10-26 12:38:12,654:INFO:machine: AMD64
2023-10-26 12:38:12,654:INFO:platform: Windows-10-10.0.22621-SP0
2023-10-26 12:38:12,658:INFO:Memory: svmem(total=34205749248, available=21927116800, percent=35.9, used=12278632448, free=21927116800)
2023-10-26 12:38:12,658:INFO:Physical Core: 4
2023-10-26 12:38:12,659:INFO:Logical Core: 8
2023-10-26 12:38:12,659:INFO:Checking libraries
2023-10-26 12:38:12,659:INFO:System:
2023-10-26 12:38:12,659:INFO:    python: 3.8.18 (default, Sep 11 2023, 13:39:12) [MSC v.1916 64 bit (AMD64)]
2023-10-26 12:38:12,659:INFO:executable: c:\Users\A02291312\AppData\Local\anaconda3\envs\pycaret\python.exe
2023-10-26 12:38:12,659:INFO:   machine: Windows-10-10.0.22621-SP0
2023-10-26 12:38:12,659:INFO:PyCaret required dependencies:
2023-10-26 12:38:13,246:INFO:                 pip: 23.2.1
2023-10-26 12:38:13,246:INFO:          setuptools: 68.0.0
2023-10-26 12:38:13,247:INFO:             pycaret: 3.1.0
2023-10-26 12:38:13,247:INFO:             IPython: 8.12.3
2023-10-26 12:38:13,247:INFO:          ipywidgets: 8.1.1
2023-10-26 12:38:13,247:INFO:                tqdm: 4.66.1
2023-10-26 12:38:13,247:INFO:               numpy: 1.23.5
2023-10-26 12:38:13,247:INFO:              pandas: 1.5.3
2023-10-26 12:38:13,247:INFO:              jinja2: 3.1.2
2023-10-26 12:38:13,247:INFO:               scipy: 1.10.1
2023-10-26 12:38:13,247:INFO:              joblib: 1.3.2
2023-10-26 12:38:13,247:INFO:             sklearn: 1.2.2
2023-10-26 12:38:13,248:INFO:                pyod: 1.1.0
2023-10-26 12:38:13,248:INFO:            imblearn: 0.11.0
2023-10-26 12:38:13,248:INFO:   category_encoders: 2.6.2
2023-10-26 12:38:13,248:INFO:            lightgbm: 4.1.0
2023-10-26 12:38:13,248:INFO:               numba: 0.58.0
2023-10-26 12:38:13,248:INFO:            requests: 2.31.0
2023-10-26 12:38:13,248:INFO:          matplotlib: 3.7.3
2023-10-26 12:38:13,248:INFO:          scikitplot: 0.3.7
2023-10-26 12:38:13,248:INFO:         yellowbrick: 1.5
2023-10-26 12:38:13,248:INFO:              plotly: 5.17.0
2023-10-26 12:38:13,248:INFO:    plotly-resampler: Not installed
2023-10-26 12:38:13,248:INFO:             kaleido: 0.2.1
2023-10-26 12:38:13,248:INFO:           schemdraw: 0.15
2023-10-26 12:38:13,248:INFO:         statsmodels: 0.14.0
2023-10-26 12:38:13,248:INFO:              sktime: 0.21.1
2023-10-26 12:38:13,248:INFO:               tbats: 1.1.3
2023-10-26 12:38:13,248:INFO:            pmdarima: 2.0.3
2023-10-26 12:38:13,248:INFO:              psutil: 5.9.5
2023-10-26 12:38:13,248:INFO:          markupsafe: 2.1.3
2023-10-26 12:38:13,248:INFO:             pickle5: Not installed
2023-10-26 12:38:13,248:INFO:         cloudpickle: 2.2.1
2023-10-26 12:38:13,249:INFO:         deprecation: 2.1.0
2023-10-26 12:38:13,249:INFO:              xxhash: 3.4.1
2023-10-26 12:38:13,249:INFO:           wurlitzer: Not installed
2023-10-26 12:38:13,249:INFO:PyCaret optional dependencies:
2023-10-26 12:38:14,832:INFO:                shap: 0.43.0
2023-10-26 12:38:14,832:INFO:           interpret: 0.4.4
2023-10-26 12:38:14,832:INFO:                umap: 0.5.4
2023-10-26 12:38:14,832:INFO:     ydata_profiling: 4.6.0
2023-10-26 12:38:14,832:INFO:  explainerdashboard: 0.4.3
2023-10-26 12:38:14,832:INFO:             autoviz: Not installed
2023-10-26 12:38:14,832:INFO:           fairlearn: 0.7.0
2023-10-26 12:38:14,832:INFO:          deepchecks: Not installed
2023-10-26 12:38:14,832:INFO:             xgboost: 2.0.0
2023-10-26 12:38:14,832:INFO:            catboost: 1.2.2
2023-10-26 12:38:14,832:INFO:              kmodes: 0.12.2
2023-10-26 12:38:14,832:INFO:             mlxtend: 0.23.0
2023-10-26 12:38:14,832:INFO:       statsforecast: 1.5.0
2023-10-26 12:38:14,832:INFO:        tune_sklearn: 0.4.6
2023-10-26 12:38:14,832:INFO:                 ray: 2.7.1
2023-10-26 12:38:14,832:INFO:            hyperopt: 0.2.7
2023-10-26 12:38:14,832:INFO:              optuna: 3.3.0
2023-10-26 12:38:14,832:INFO:               skopt: 0.9.0
2023-10-26 12:38:14,832:INFO:              mlflow: 1.30.1
2023-10-26 12:38:14,832:INFO:              gradio: 3.47.1
2023-10-26 12:38:14,832:INFO:             fastapi: 0.103.2
2023-10-26 12:38:14,832:INFO:             uvicorn: 0.23.2
2023-10-26 12:38:14,832:INFO:              m2cgen: 0.10.0
2023-10-26 12:38:14,832:INFO:           evidently: 0.2.8
2023-10-26 12:38:14,832:INFO:               fugue: 0.8.6
2023-10-26 12:38:14,832:INFO:           streamlit: Not installed
2023-10-26 12:38:14,832:INFO:             prophet: Not installed
2023-10-26 12:38:14,832:INFO:None
2023-10-26 12:38:14,832:INFO:Set up data.
2023-10-26 12:38:14,832:INFO:Set up folding strategy.
2023-10-26 12:38:14,832:INFO:Set up train/test split.
2023-10-26 12:38:14,832:INFO:Set up index.
2023-10-26 12:38:14,832:INFO:Assigning column types.
2023-10-26 12:38:14,832:INFO:Engine successfully changes for model 'lr' to 'sklearn'.
2023-10-26 12:38:14,832:INFO:Engine for model 'lasso' has not been set explicitly, hence returning None.
2023-10-26 12:38:14,847:INFO:Engine for model 'ridge' has not been set explicitly, hence returning None.
2023-10-26 12:38:14,847:INFO:Engine for model 'en' has not been set explicitly, hence returning None.
2023-10-26 12:38:14,910:INFO:Engine for model 'svm' has not been set explicitly, hence returning None.
2023-10-26 12:38:14,948:INFO:Engine for model 'knn' has not been set explicitly, hence returning None.
2023-10-26 12:38:14,948:INFO:Soft dependency imported: xgboost: 2.0.0
2023-10-26 12:38:14,948:INFO:Soft dependency imported: catboost: 1.2.2
2023-10-26 12:38:14,963:INFO:Engine for model 'lasso' has not been set explicitly, hence returning None.
2023-10-26 12:38:14,981:INFO:Engine for model 'ridge' has not been set explicitly, hence returning None.
2023-10-26 12:38:14,981:INFO:Engine for model 'en' has not been set explicitly, hence returning None.
2023-10-26 12:38:15,047:INFO:Engine for model 'svm' has not been set explicitly, hence returning None.
2023-10-26 12:38:15,081:INFO:Engine for model 'knn' has not been set explicitly, hence returning None.
2023-10-26 12:38:15,081:INFO:Soft dependency imported: xgboost: 2.0.0
2023-10-26 12:38:15,094:INFO:Soft dependency imported: catboost: 1.2.2
2023-10-26 12:38:15,094:INFO:Engine successfully changes for model 'lasso' to 'sklearn'.
2023-10-26 12:38:15,094:INFO:Engine for model 'ridge' has not been set explicitly, hence returning None.
2023-10-26 12:38:15,094:INFO:Engine for model 'en' has not been set explicitly, hence returning None.
2023-10-26 12:38:15,156:INFO:Engine for model 'svm' has not been set explicitly, hence returning None.
2023-10-26 12:38:15,203:INFO:Engine for model 'knn' has not been set explicitly, hence returning None.
2023-10-26 12:38:15,203:INFO:Soft dependency imported: xgboost: 2.0.0
2023-10-26 12:38:15,203:INFO:Soft dependency imported: catboost: 1.2.2
2023-10-26 12:38:15,203:INFO:Engine for model 'ridge' has not been set explicitly, hence returning None.
2023-10-26 12:38:15,219:INFO:Engine for model 'en' has not been set explicitly, hence returning None.
2023-10-26 12:38:15,266:INFO:Engine for model 'svm' has not been set explicitly, hence returning None.
2023-10-26 12:38:15,313:INFO:Engine for model 'knn' has not been set explicitly, hence returning None.
2023-10-26 12:38:15,313:INFO:Soft dependency imported: xgboost: 2.0.0
2023-10-26 12:38:15,313:INFO:Soft dependency imported: catboost: 1.2.2
2023-10-26 12:38:15,313:INFO:Engine successfully changes for model 'ridge' to 'sklearn'.
2023-10-26 12:38:15,329:INFO:Engine for model 'en' has not been set explicitly, hence returning None.
2023-10-26 12:38:15,381:INFO:Engine for model 'svm' has not been set explicitly, hence returning None.
2023-10-26 12:38:15,423:INFO:Engine for model 'knn' has not been set explicitly, hence returning None.
2023-10-26 12:38:15,423:INFO:Soft dependency imported: xgboost: 2.0.0
2023-10-26 12:38:15,423:INFO:Soft dependency imported: catboost: 1.2.2
2023-10-26 12:38:15,439:INFO:Engine for model 'en' has not been set explicitly, hence returning None.
2023-10-26 12:38:15,486:INFO:Engine for model 'svm' has not been set explicitly, hence returning None.
2023-10-26 12:38:15,533:INFO:Engine for model 'knn' has not been set explicitly, hence returning None.
2023-10-26 12:38:15,533:INFO:Soft dependency imported: xgboost: 2.0.0
2023-10-26 12:38:15,549:INFO:Soft dependency imported: catboost: 1.2.2
2023-10-26 12:38:15,549:INFO:Engine successfully changes for model 'en' to 'sklearn'.
2023-10-26 12:38:15,616:INFO:Engine for model 'svm' has not been set explicitly, hence returning None.
2023-10-26 12:38:15,688:INFO:Engine for model 'knn' has not been set explicitly, hence returning None.
2023-10-26 12:38:15,689:INFO:Soft dependency imported: xgboost: 2.0.0
2023-10-26 12:38:15,691:INFO:Soft dependency imported: catboost: 1.2.2
2023-10-26 12:38:15,753:INFO:Engine for model 'svm' has not been set explicitly, hence returning None.
2023-10-26 12:38:15,800:INFO:Engine for model 'knn' has not been set explicitly, hence returning None.
2023-10-26 12:38:15,800:INFO:Soft dependency imported: xgboost: 2.0.0
2023-10-26 12:38:15,800:INFO:Soft dependency imported: catboost: 1.2.2
2023-10-26 12:38:15,800:INFO:Engine successfully changes for model 'knn' to 'sklearn'.
2023-10-26 12:38:15,866:INFO:Engine for model 'svm' has not been set explicitly, hence returning None.
2023-10-26 12:38:15,913:INFO:Soft dependency imported: xgboost: 2.0.0
2023-10-26 12:38:15,913:INFO:Soft dependency imported: catboost: 1.2.2
2023-10-26 12:38:15,982:INFO:Engine for model 'svm' has not been set explicitly, hence returning None.
2023-10-26 12:38:16,023:INFO:Soft dependency imported: xgboost: 2.0.0
2023-10-26 12:38:16,023:INFO:Soft dependency imported: catboost: 1.2.2
2023-10-26 12:38:16,023:INFO:Engine successfully changes for model 'svm' to 'sklearn'.
2023-10-26 12:38:16,133:INFO:Soft dependency imported: xgboost: 2.0.0
2023-10-26 12:38:16,133:INFO:Soft dependency imported: catboost: 1.2.2
2023-10-26 12:38:16,266:INFO:Soft dependency imported: xgboost: 2.0.0
2023-10-26 12:38:16,269:INFO:Soft dependency imported: catboost: 1.2.2
2023-10-26 12:38:16,269:INFO:Preparing preprocessing pipeline...
2023-10-26 12:38:16,269:INFO:Set up simple imputation.
2023-10-26 12:38:16,298:INFO:Finished creating preprocessing pipeline.
2023-10-26 12:38:16,298:INFO:Pipeline: Pipeline(memory=FastMemory(location=C:\Users\A02291~1\AppData\Local\Temp\joblib),
         steps=[('numerical_imputer',
                 TransformerWrapper(include=['hours', 'IQ', 'educ', 'exper',
                                             'tenure', 'age', 'married',
                                             'black', 'meduc', 'feduc'],
                                    transformer=SimpleImputer())),
                ('categorical_imputer',
                 TransformerWrapper(include=[],
                                    transformer=SimpleImputer(strategy='most_frequent')))])
2023-10-26 12:38:16,298:INFO:Creating final display dataframe.
2023-10-26 12:38:16,361:INFO:Setup _display_container:                     Description             Value
0                    Session id               555
1                        Target              wage
2                   Target type        Regression
3           Original data shape         (935, 11)
4        Transformed data shape         (935, 11)
5   Transformed train set shape         (654, 11)
6    Transformed test set shape         (281, 11)
7              Numeric features                10
8      Rows with missing values             22.8%
9                    Preprocess              True
10              Imputation type            simple
11           Numeric imputation              mean
12       Categorical imputation              mode
13               Fold Generator             KFold
14                  Fold Number                10
15                     CPU Jobs                -1
16                      Use GPU             False
17               Log Experiment             False
18              Experiment Name  reg-default-name
19                          USI              30e3
2023-10-26 12:38:16,497:INFO:Soft dependency imported: xgboost: 2.0.0
2023-10-26 12:38:16,497:INFO:Soft dependency imported: catboost: 1.2.2
2023-10-26 12:38:16,603:INFO:Soft dependency imported: xgboost: 2.0.0
2023-10-26 12:38:16,603:INFO:Soft dependency imported: catboost: 1.2.2
2023-10-26 12:38:16,603:INFO:setup() successfully completed in 3.95s...............
2023-10-26 12:38:16,636:INFO:gpu_param set to False
2023-10-26 12:38:16,830:INFO:Soft dependency imported: xgboost: 2.0.0
2023-10-26 12:38:16,830:INFO:Soft dependency imported: catboost: 1.2.2
2023-10-26 12:38:16,940:INFO:Soft dependency imported: xgboost: 2.0.0
2023-10-26 12:38:16,940:INFO:Soft dependency imported: catboost: 1.2.2
2023-10-26 12:38:16,983:INFO:Initializing create_model()
2023-10-26 12:38:16,983:INFO:create_model(self=<pycaret.regression.oop.RegressionExperiment object at 0x000001E34011F8E0>, estimator=dt, fold=None, round=4, cross_validation=True, predict=True, fit_kwargs=None, groups=None, refit=True, probability_threshold=None, experiment_custom_tags=None, verbose=True, system=True, add_to_model_list=True, metrics=None, display=None, model_only=True, return_train_score=False, kwargs={})
2023-10-26 12:38:16,983:INFO:Checking exceptions
2023-10-26 12:38:17,004:INFO:Importing libraries
2023-10-26 12:38:17,004:INFO:Copying training dataset
2023-10-26 12:38:17,008:INFO:Defining folds
2023-10-26 12:38:17,008:INFO:Declaring metric variables
2023-10-26 12:38:17,013:INFO:Importing untrained model
2023-10-26 12:38:17,018:INFO:Decision Tree Regressor Imported successfully
2023-10-26 12:38:17,027:INFO:Starting cross validation
2023-10-26 12:38:17,034:INFO:Cross validating with KFold(n_splits=10, random_state=None, shuffle=False), n_jobs=-1
2023-10-26 12:38:23,173:INFO:Calculating mean and std
2023-10-26 12:38:23,173:INFO:Creating metrics dataframe
2023-10-26 12:38:23,186:INFO:Finalizing model
2023-10-26 12:38:23,221:INFO:Uploading results into container
2023-10-26 12:38:23,222:INFO:Uploading model into container now
2023-10-26 12:38:23,233:INFO:_master_model_container: 1
2023-10-26 12:38:23,233:INFO:_display_container: 2
2023-10-26 12:38:23,233:INFO:DecisionTreeRegressor(random_state=555)
2023-10-26 12:38:23,233:INFO:create_model() successfully completed......................................
2023-10-26 12:38:23,440:INFO:Initializing tune_model()
2023-10-26 12:38:23,440:INFO:tune_model(estimator=DecisionTreeRegressor(random_state=555), fold=None, round=4, n_iter=10, custom_grid=None, optimize=R2, custom_scorer=None, search_library=scikit-learn, search_algorithm=None, early_stopping=False, early_stopping_max_iters=10, choose_better=True, fit_kwargs=None, groups=None, return_tuner=False, verbose=True, tuner_verbose=True, return_train_score=False, kwargs={}, self=<pycaret.regression.oop.RegressionExperiment object at 0x000001E34011F8E0>)
2023-10-26 12:38:23,440:INFO:Checking exceptions
2023-10-26 12:38:23,471:INFO:Copying training dataset
2023-10-26 12:38:23,475:INFO:Checking base model
2023-10-26 12:38:23,475:INFO:Base model : Decision Tree Regressor
2023-10-26 12:38:23,479:INFO:Declaring metric variables
2023-10-26 12:38:23,485:INFO:Defining Hyperparameters
2023-10-26 12:38:23,597:INFO:Tuning with n_jobs=-1
2023-10-26 12:38:23,597:INFO:Initializing RandomizedSearchCV
2023-10-26 12:38:24,142:INFO:best_params: {'actual_estimator__min_samples_split': 10, 'actual_estimator__min_samples_leaf': 3, 'actual_estimator__min_impurity_decrease': 0.002, 'actual_estimator__max_features': 1.0, 'actual_estimator__max_depth': 3, 'actual_estimator__criterion': 'friedman_mse'}
2023-10-26 12:38:24,142:INFO:Hyperparameter search completed
2023-10-26 12:38:24,142:INFO:SubProcess create_model() called ==================================
2023-10-26 12:38:24,143:INFO:Initializing create_model()
2023-10-26 12:38:24,144:INFO:create_model(self=<pycaret.regression.oop.RegressionExperiment object at 0x000001E34011F8E0>, estimator=DecisionTreeRegressor(random_state=555), fold=KFold(n_splits=10, random_state=None, shuffle=False), round=4, cross_validation=True, predict=True, fit_kwargs={}, groups=None, refit=True, probability_threshold=None, experiment_custom_tags=None, verbose=True, system=False, add_to_model_list=True, metrics=None, display=<pycaret.internal.display.display.CommonDisplay object at 0x000001E32A373CA0>, model_only=True, return_train_score=False, kwargs={'min_samples_split': 10, 'min_samples_leaf': 3, 'min_impurity_decrease': 0.002, 'max_features': 1.0, 'max_depth': 3, 'criterion': 'friedman_mse'})
2023-10-26 12:38:24,144:INFO:Checking exceptions
2023-10-26 12:38:24,144:INFO:Importing libraries
2023-10-26 12:38:24,144:INFO:Copying training dataset
2023-10-26 12:38:24,156:INFO:Defining folds
2023-10-26 12:38:24,156:INFO:Declaring metric variables
2023-10-26 12:38:24,165:INFO:Importing untrained model
2023-10-26 12:38:24,165:INFO:Declaring custom model
2023-10-26 12:38:24,173:INFO:Decision Tree Regressor Imported successfully
2023-10-26 12:38:24,185:INFO:Starting cross validation
2023-10-26 12:38:24,186:INFO:Cross validating with KFold(n_splits=10, random_state=None, shuffle=False), n_jobs=-1
2023-10-26 12:38:24,295:INFO:Calculating mean and std
2023-10-26 12:38:24,297:INFO:Creating metrics dataframe
2023-10-26 12:38:24,318:INFO:Finalizing model
2023-10-26 12:38:24,347:INFO:Uploading results into container
2023-10-26 12:38:24,349:INFO:Uploading model into container now
2023-10-26 12:38:24,351:INFO:_master_model_container: 2
2023-10-26 12:38:24,351:INFO:_display_container: 3
2023-10-26 12:38:24,352:INFO:DecisionTreeRegressor(criterion='friedman_mse', max_depth=3, max_features=1.0,
                      min_impurity_decrease=0.002, min_samples_leaf=3,
                      min_samples_split=10, random_state=555)
2023-10-26 12:38:24,352:INFO:create_model() successfully completed......................................
2023-10-26 12:38:24,447:INFO:SubProcess create_model() end ==================================
2023-10-26 12:38:24,447:INFO:choose_better activated
2023-10-26 12:38:24,447:INFO:SubProcess create_model() called ==================================
2023-10-26 12:38:24,447:INFO:Initializing create_model()
2023-10-26 12:38:24,447:INFO:create_model(self=<pycaret.regression.oop.RegressionExperiment object at 0x000001E34011F8E0>, estimator=DecisionTreeRegressor(random_state=555), fold=KFold(n_splits=10, random_state=None, shuffle=False), round=4, cross_validation=True, predict=True, fit_kwargs={}, groups=None, refit=True, probability_threshold=None, experiment_custom_tags=None, verbose=False, system=False, add_to_model_list=True, metrics=None, display=None, model_only=True, return_train_score=False, kwargs={})
2023-10-26 12:38:24,447:INFO:Checking exceptions
2023-10-26 12:38:24,447:INFO:Importing libraries
2023-10-26 12:38:24,447:INFO:Copying training dataset
2023-10-26 12:38:24,462:INFO:Defining folds
2023-10-26 12:38:24,462:INFO:Declaring metric variables
2023-10-26 12:38:24,462:INFO:Importing untrained model
2023-10-26 12:38:24,462:INFO:Declaring custom model
2023-10-26 12:38:24,462:INFO:Decision Tree Regressor Imported successfully
2023-10-26 12:38:24,462:INFO:Starting cross validation
2023-10-26 12:38:24,462:INFO:Cross validating with KFold(n_splits=10, random_state=None, shuffle=False), n_jobs=-1
2023-10-26 12:38:24,579:INFO:Calculating mean and std
2023-10-26 12:38:24,579:INFO:Creating metrics dataframe
2023-10-26 12:38:24,579:INFO:Finalizing model
2023-10-26 12:38:24,610:INFO:Uploading results into container
2023-10-26 12:38:24,610:INFO:Uploading model into container now
2023-10-26 12:38:24,610:INFO:_master_model_container: 3
2023-10-26 12:38:24,610:INFO:_display_container: 4
2023-10-26 12:38:24,610:INFO:DecisionTreeRegressor(random_state=555)
2023-10-26 12:38:24,610:INFO:create_model() successfully completed......................................
2023-10-26 12:38:24,704:INFO:SubProcess create_model() end ==================================
2023-10-26 12:38:24,704:INFO:DecisionTreeRegressor(random_state=555) result for R2 is -0.8185
2023-10-26 12:38:24,704:INFO:DecisionTreeRegressor(criterion='friedman_mse', max_depth=3, max_features=1.0,
                      min_impurity_decrease=0.002, min_samples_leaf=3,
                      min_samples_split=10, random_state=555) result for R2 is 0.0805
2023-10-26 12:38:24,704:INFO:DecisionTreeRegressor(criterion='friedman_mse', max_depth=3, max_features=1.0,
                      min_impurity_decrease=0.002, min_samples_leaf=3,
                      min_samples_split=10, random_state=555) is best model
2023-10-26 12:38:24,704:INFO:choose_better completed
2023-10-26 12:38:24,722:INFO:_master_model_container: 3
2023-10-26 12:38:24,722:INFO:_display_container: 3
2023-10-26 12:38:24,723:INFO:DecisionTreeRegressor(criterion='friedman_mse', max_depth=3, max_features=1.0,
                      min_impurity_decrease=0.002, min_samples_leaf=3,
                      min_samples_split=10, random_state=555)
2023-10-26 12:38:24,723:INFO:tune_model() successfully completed......................................
2023-10-26 12:38:24,894:INFO:Initializing plot_model()
2023-10-26 12:38:24,894:INFO:plot_model(plot=parameter, fold=None, verbose=True, display=None, display_format=None, estimator=DecisionTreeRegressor(criterion='friedman_mse', max_depth=3, max_features=1.0,
                      min_impurity_decrease=0.002, min_samples_leaf=3,
                      min_samples_split=10, random_state=555), feature_name=None, fit_kwargs=None, groups=None, label=False, plot_kwargs=None, save=False, scale=1, self=<pycaret.regression.oop.RegressionExperiment object at 0x000001E34011F8E0>, system=True)
2023-10-26 12:38:24,895:INFO:Checking exceptions
2023-10-26 12:38:24,902:INFO:Preloading libraries
2023-10-26 12:38:24,902:INFO:Copying training dataset
2023-10-26 12:38:24,903:INFO:Plot type: parameter
2023-10-26 12:38:24,905:INFO:Visual Rendered Successfully
2023-10-26 12:38:25,032:INFO:plot_model() successfully completed......................................
2023-10-26 12:38:25,081:INFO:Initializing plot_model()
2023-10-26 12:38:25,081:INFO:plot_model(plot=residuals, fold=None, verbose=True, display=None, display_format=None, estimator=DecisionTreeRegressor(criterion='friedman_mse', max_depth=3, max_features=1.0,
                      min_impurity_decrease=0.002, min_samples_leaf=3,
                      min_samples_split=10, random_state=555), feature_name=None, fit_kwargs=None, groups=None, label=False, plot_kwargs=None, save=False, scale=1, self=<pycaret.regression.oop.RegressionExperiment object at 0x000001E34011F8E0>, system=True)
2023-10-26 12:38:25,082:INFO:Checking exceptions
2023-10-26 12:38:25,089:INFO:Preloading libraries
2023-10-26 12:38:25,090:INFO:Copying training dataset
2023-10-26 12:38:25,090:INFO:Plot type: residuals
2023-10-26 12:38:25,234:INFO:Fitting Model
2023-10-26 12:38:25,284:INFO:Scoring test/hold-out set
2023-10-26 12:38:25,961:INFO:Visual Rendered Successfully
2023-10-26 12:38:26,075:INFO:plot_model() successfully completed......................................
2023-10-26 12:38:26,120:INFO:Initializing plot_model()
2023-10-26 12:38:26,120:INFO:plot_model(plot=learning, fold=None, verbose=True, display=None, display_format=None, estimator=DecisionTreeRegressor(criterion='friedman_mse', max_depth=3, max_features=1.0,
                      min_impurity_decrease=0.002, min_samples_leaf=3,
                      min_samples_split=10, random_state=555), feature_name=None, fit_kwargs=None, groups=None, label=False, plot_kwargs=None, save=False, scale=1, self=<pycaret.regression.oop.RegressionExperiment object at 0x000001E34011F8E0>, system=True)
2023-10-26 12:38:26,120:INFO:Checking exceptions
2023-10-26 12:38:26,120:INFO:Preloading libraries
2023-10-26 12:38:26,129:INFO:Copying training dataset
2023-10-26 12:38:26,129:INFO:Plot type: learning
2023-10-26 12:38:26,214:INFO:Fitting Model
2023-10-26 12:38:26,747:INFO:Visual Rendered Successfully
2023-10-26 12:38:26,901:INFO:plot_model() successfully completed......................................
2023-10-26 12:38:27,074:INFO:Initializing plot_model()
2023-10-26 12:38:27,074:INFO:plot_model(plot=tree, fold=None, verbose=True, display=None, display_format=None, estimator=DecisionTreeRegressor(criterion='friedman_mse', max_depth=3, max_features=1.0,
                      min_impurity_decrease=0.002, min_samples_leaf=3,
                      min_samples_split=10, random_state=555), feature_name=None, fit_kwargs=None, groups=None, label=False, plot_kwargs=None, save=False, scale=1, self=<pycaret.regression.oop.RegressionExperiment object at 0x000001E34011F8E0>, system=True)
2023-10-26 12:38:27,074:INFO:Checking exceptions
2023-10-26 12:38:27,084:INFO:Preloading libraries
2023-10-26 12:38:27,084:INFO:Copying training dataset
2023-10-26 12:38:27,084:INFO:Plot type: tree
2023-10-26 12:38:27,104:INFO:Plotting decision trees
2023-10-26 12:38:27,124:INFO:Plotting tree 0
2023-10-26 12:38:27,881:INFO:Visual Rendered Successfully
2023-10-26 12:38:27,995:INFO:plot_model() successfully completed......................................
2023-10-26 12:38:31,000:INFO:Initializing plot_model()
2023-10-26 12:38:31,000:INFO:plot_model(plot=feature, fold=None, verbose=True, display=None, display_format=None, estimator=DecisionTreeRegressor(criterion='friedman_mse', max_depth=3, max_features=1.0,
                      min_impurity_decrease=0.002, min_samples_leaf=3,
                      min_samples_split=10, random_state=555), feature_name=None, fit_kwargs=None, groups=None, label=False, plot_kwargs=None, save=False, scale=1, self=<pycaret.regression.oop.RegressionExperiment object at 0x000001E34011F8E0>, system=True)
2023-10-26 12:38:31,000:INFO:Checking exceptions
2023-10-26 12:38:31,014:INFO:Preloading libraries
2023-10-26 12:38:31,014:INFO:Copying training dataset
2023-10-26 12:38:31,014:INFO:Plot type: feature
2023-10-26 12:38:31,014:WARNING:No coef_ found. Trying feature_importances_
2023-10-26 12:38:31,247:INFO:Visual Rendered Successfully
2023-10-26 12:38:31,347:INFO:plot_model() successfully completed......................................
2023-10-26 12:38:42,764:INFO:Initializing plot_model()
2023-10-26 12:38:42,764:INFO:plot_model(plot=learning, fold=None, verbose=True, display=None, display_format=None, estimator=DecisionTreeClassifier(ccp_alpha=0.0, class_weight=None, criterion='entropy',
                       max_depth=10, max_features=1.0, max_leaf_nodes=None,
                       min_impurity_decrease=0.0002, min_samples_leaf=6,
                       min_samples_split=5, min_weight_fraction_leaf=0.0,
                       random_state=555, splitter='best'), feature_name=None, fit_kwargs=None, groups=None, label=False, plot_kwargs=None, save=False, scale=1, self=<pycaret.classification.oop.ClassificationExperiment object at 0x000002DC30BB9DC0>, system=True)
2023-10-26 12:38:42,764:INFO:Checking exceptions
2023-10-26 12:38:42,780:INFO:Preloading libraries
2023-10-26 12:38:42,780:INFO:Copying training dataset
2023-10-26 12:38:42,780:INFO:Plot type: learning
2023-10-26 12:38:42,937:INFO:Fitting Model
2023-10-26 12:38:46,020:INFO:Visual Rendered Successfully
2023-10-26 12:38:46,181:INFO:plot_model() successfully completed......................................
2023-10-26 12:39:02,468:INFO:Initializing plot_model()
2023-10-26 12:39:02,468:INFO:plot_model(plot=feature, fold=None, verbose=True, display=None, display_format=None, estimator=DecisionTreeClassifier(ccp_alpha=0.0, class_weight=None, criterion='entropy',
                       max_depth=10, max_features=1.0, max_leaf_nodes=None,
                       min_impurity_decrease=0.0002, min_samples_leaf=6,
                       min_samples_split=5, min_weight_fraction_leaf=0.0,
                       random_state=555, splitter='best'), feature_name=None, fit_kwargs=None, groups=None, label=False, plot_kwargs=None, save=False, scale=1, self=<pycaret.classification.oop.ClassificationExperiment object at 0x000002DC30BB9DC0>, system=True)
2023-10-26 12:39:02,468:INFO:Checking exceptions
2023-10-26 12:39:02,468:INFO:Preloading libraries
2023-10-26 12:39:02,468:INFO:Copying training dataset
2023-10-26 12:39:02,468:INFO:Plot type: feature
2023-10-26 12:39:02,468:WARNING:No coef_ found. Trying feature_importances_
2023-10-26 12:39:02,730:INFO:Visual Rendered Successfully
2023-10-26 12:39:02,932:INFO:plot_model() successfully completed......................................
2023-10-26 12:39:22,500:INFO:Initializing plot_model()
2023-10-26 12:39:22,500:INFO:plot_model(plot=tree, fold=None, verbose=True, display=None, display_format=None, estimator=DecisionTreeClassifier(ccp_alpha=0.0, class_weight=None, criterion='entropy',
                       max_depth=10, max_features=1.0, max_leaf_nodes=None,
                       min_impurity_decrease=0.0002, min_samples_leaf=6,
                       min_samples_split=5, min_weight_fraction_leaf=0.0,
                       random_state=555, splitter='best'), feature_name=None, fit_kwargs=None, groups=None, label=False, plot_kwargs=None, save=False, scale=1, self=<pycaret.classification.oop.ClassificationExperiment object at 0x000002DC30BB9DC0>, system=True)
2023-10-26 12:39:22,500:INFO:Checking exceptions
2023-10-26 12:39:22,500:INFO:Preloading libraries
2023-10-26 12:39:22,500:INFO:Copying training dataset
2023-10-26 12:39:22,500:INFO:Plot type: tree
2023-10-26 12:39:22,532:INFO:Plotting decision trees
2023-10-26 12:40:13,062:INFO:Initializing plot_model()
2023-10-26 12:40:13,062:INFO:plot_model(plot=feature, fold=None, verbose=True, display=None, display_format=None, estimator=DecisionTreeClassifier(ccp_alpha=0.0, class_weight=None, criterion='entropy',
                       max_depth=10, max_features=1.0, max_leaf_nodes=None,
                       min_impurity_decrease=0.0002, min_samples_leaf=6,
                       min_samples_split=5, min_weight_fraction_leaf=0.0,
                       random_state=555, splitter='best'), feature_name=None, fit_kwargs=None, groups=None, label=False, plot_kwargs=None, save=False, scale=1, self=<pycaret.classification.oop.ClassificationExperiment object at 0x000002DC30BB9DC0>, system=True)
2023-10-26 12:40:13,062:INFO:Checking exceptions
2023-10-26 12:40:13,068:INFO:Preloading libraries
2023-10-26 12:40:13,068:INFO:Copying training dataset
2023-10-26 12:40:13,068:INFO:Plot type: feature
2023-10-26 12:40:13,069:WARNING:No coef_ found. Trying feature_importances_
2023-10-26 12:40:13,329:INFO:Visual Rendered Successfully
2023-10-26 12:40:13,480:INFO:plot_model() successfully completed......................................
2023-10-26 12:40:18,613:INFO:Initializing plot_model()
2023-10-26 12:40:18,613:INFO:plot_model(plot=tree, fold=None, verbose=True, display=None, display_format=None, estimator=DecisionTreeClassifier(ccp_alpha=0.0, class_weight=None, criterion='entropy',
                       max_depth=10, max_features=1.0, max_leaf_nodes=None,
                       min_impurity_decrease=0.0002, min_samples_leaf=6,
                       min_samples_split=5, min_weight_fraction_leaf=0.0,
                       random_state=555, splitter='best'), feature_name=None, fit_kwargs=None, groups=None, label=False, plot_kwargs=None, save=False, scale=1, self=<pycaret.classification.oop.ClassificationExperiment object at 0x000002DC30BB9DC0>, system=True)
2023-10-26 12:40:18,613:INFO:Checking exceptions
2023-10-26 12:40:18,613:INFO:Preloading libraries
2023-10-26 12:40:18,613:INFO:Copying training dataset
2023-10-26 12:40:18,613:INFO:Plot type: tree
2023-10-26 12:40:18,630:INFO:Plotting decision trees
2023-10-26 12:40:32,484:INFO:Initializing plot_model()
2023-10-26 12:40:32,484:INFO:plot_model(plot=tree, fold=None, verbose=True, display=None, display_format=None, estimator=DecisionTreeClassifier(ccp_alpha=0.0, class_weight=None, criterion='gini',
                       max_depth=None, max_features=None, max_leaf_nodes=None,
                       min_impurity_decrease=0.0, min_samples_leaf=1,
                       min_samples_split=2, min_weight_fraction_leaf=0.0,
                       random_state=555, splitter='best'), feature_name=None, fit_kwargs=None, groups=None, label=False, plot_kwargs=None, save=False, scale=1, self=<pycaret.classification.oop.ClassificationExperiment object at 0x000002DC30BB9DC0>, system=True)
2023-10-26 12:40:32,484:INFO:Checking exceptions
2023-10-26 12:40:32,484:INFO:Preloading libraries
2023-10-26 12:40:32,484:INFO:Copying training dataset
2023-10-26 12:40:32,484:INFO:Plot type: tree
2023-10-26 12:40:32,513:INFO:Plotting decision trees
2023-10-26 12:40:45,327:INFO:Initializing create_model()
2023-10-26 12:40:45,328:INFO:create_model(self=<pycaret.classification.oop.ClassificationExperiment object at 0x000002DC30BB9DC0>, estimator=dt, fold=None, round=4, cross_validation=True, predict=True, fit_kwargs=None, groups=None, refit=True, probability_threshold=None, experiment_custom_tags=None, verbose=True, system=True, add_to_model_list=True, metrics=None, display=None, model_only=True, return_train_score=False, kwargs={})
2023-10-26 12:40:45,328:INFO:Checking exceptions
2023-10-26 12:40:45,349:INFO:Importing libraries
2023-10-26 12:40:45,349:INFO:Copying training dataset
2023-10-26 12:40:45,353:INFO:Defining folds
2023-10-26 12:40:45,353:INFO:Declaring metric variables
2023-10-26 12:40:45,353:INFO:Importing untrained model
2023-10-26 12:40:45,366:INFO:Decision Tree Classifier Imported successfully
2023-10-26 12:40:45,375:INFO:Starting cross validation
2023-10-26 12:40:45,377:INFO:Cross validating with StratifiedKFold(n_splits=10, random_state=None, shuffle=False), n_jobs=-1
2023-10-26 12:40:49,294:INFO:Calculating mean and std
2023-10-26 12:40:49,297:INFO:Creating metrics dataframe
2023-10-26 12:40:49,297:INFO:Finalizing model
2023-10-26 12:40:49,355:INFO:Uploading results into container
2023-10-26 12:40:49,356:INFO:Uploading model into container now
2023-10-26 12:40:49,372:INFO:_master_model_container: 4
2023-10-26 12:40:49,372:INFO:_display_container: 4
2023-10-26 12:40:49,372:INFO:DecisionTreeClassifier(ccp_alpha=0.0, class_weight=None, criterion='gini',
                       max_depth=None, max_features=None, max_leaf_nodes=None,
                       min_impurity_decrease=0.0, min_samples_leaf=1,
                       min_samples_split=2, min_weight_fraction_leaf=0.0,
                       random_state=555, splitter='best')
2023-10-26 12:40:49,372:INFO:create_model() successfully completed......................................
2023-10-26 12:40:58,462:INFO:Initializing plot_model()
2023-10-26 12:40:58,462:INFO:plot_model(plot=tree, fold=None, verbose=True, display=None, display_format=None, estimator=DecisionTreeClassifier(ccp_alpha=0.0, class_weight=None, criterion='gini',
                       max_depth=None, max_features=None, max_leaf_nodes=None,
                       min_impurity_decrease=0.0, min_samples_leaf=1,
                       min_samples_split=2, min_weight_fraction_leaf=0.0,
                       random_state=555, splitter='best'), feature_name=None, fit_kwargs=None, groups=None, label=False, plot_kwargs=None, save=False, scale=1, self=<pycaret.classification.oop.ClassificationExperiment object at 0x000002DC30BB9DC0>, system=True)
2023-10-26 12:40:58,462:INFO:Checking exceptions
2023-10-26 12:40:58,462:INFO:Preloading libraries
2023-10-26 12:40:58,478:INFO:Copying training dataset
2023-10-26 12:40:58,478:INFO:Plot type: tree
2023-10-26 12:40:58,496:INFO:Plotting decision trees
